<?xml version="1.0" encoding="UTF-8"?>
<!-- Generated by org.testng.reporters.JUnitXMLReporter -->
<testsuite ignored="0" hostname="root" failures="0" tests="6" name="Regression" time="0.137" errors="0" timestamp="2021-04-18T11:55:00 IST">
  <testcase classname="qaclickacademy.AppiumTest" name="IOSApps" time="0.018"/>
  <testcase classname="qaclickacademy.AppiumTest" name="NativeAPpAndroid" time="0.003"/>
  <testcase classname="qaclickacademy.SeleniumTest" name="BrowserAUtomation" time="0.002"/>
  <testcase classname="qaclickacademy.SeleniumTest" name="elementsUi" time="0.002"/>
  <testcase classname="qaclickacademy.RESTAPITest" name="deleteTwitter" time="0.002"/>
  <testcase classname="qaclickacademy.RESTAPITest" name="postJira" time="0.005"/>
</testsuite> <!-- Regression -->
