<?xml version="1.0" encoding="UTF-8"?>
<testng-results ignored="0" total="7" passed="7" failed="0" skipped="0">
  <reporter-output>
  </reporter-output>
  <suite started-at="2021-05-08T16:05:23 IST" name="Command line suite" finished-at="2021-05-08T16:05:41 IST" duration-ms="17471">
    <groups>
    </groups>
    <test started-at="2021-05-08T16:05:23 IST" name="Command line test" finished-at="2021-05-08T16:05:41 IST" duration-ms="17471">
      <class name="qaclickacademy.AppiumTest">
        <test-method signature="IOSApps()[pri:0, instance:qaclickacademy.AppiumTest@7181ae3f]" started-at="2021-05-08T16:05:41 IST" name="IOSApps" finished-at="2021-05-08T16:05:41 IST" duration-ms="0" status="PASS">
          <reporter-output>
          </reporter-output>
        </test-method> <!-- IOSApps -->
        <test-method signature="NativeAPpAndroid()[pri:0, instance:qaclickacademy.AppiumTest@7181ae3f]" started-at="2021-05-08T16:05:41 IST" name="NativeAPpAndroid" finished-at="2021-05-08T16:05:41 IST" duration-ms="0" status="PASS">
          <reporter-output>
          </reporter-output>
        </test-method> <!-- NativeAPpAndroid -->
      </class> <!-- qaclickacademy.AppiumTest -->
      <class name="acedemy.AppTest">
        <test-method signature="loginTest()[pri:0, instance:acedemy.AppTest@70a9f84e]" started-at="2021-05-08T16:05:23 IST" name="loginTest" finished-at="2021-05-08T16:05:41 IST" duration-ms="17400" status="PASS">
          <reporter-output>
          </reporter-output>
        </test-method> <!-- loginTest -->
      </class> <!-- acedemy.AppTest -->
      <class name="qaclickacademy.RESTAPITest">
        <test-method signature="deleteTwitter()[pri:0, instance:qaclickacademy.RESTAPITest@46238e3f]" started-at="2021-05-08T16:05:41 IST" name="deleteTwitter" finished-at="2021-05-08T16:05:41 IST" duration-ms="1" status="PASS">
          <reporter-output>
          </reporter-output>
        </test-method> <!-- deleteTwitter -->
        <test-method signature="postJira()[pri:0, instance:qaclickacademy.RESTAPITest@46238e3f]" started-at="2021-05-08T16:05:41 IST" name="postJira" finished-at="2021-05-08T16:05:41 IST" duration-ms="1" status="PASS">
          <reporter-output>
          </reporter-output>
        </test-method> <!-- postJira -->
      </class> <!-- qaclickacademy.RESTAPITest -->
      <class name="qaclickacademy.SeleniumTest">
        <test-method signature="BrowserAUtomation()[pri:0, instance:qaclickacademy.SeleniumTest@6e2c9341]" started-at="2021-05-08T16:05:41 IST" name="BrowserAUtomation" finished-at="2021-05-08T16:05:41 IST" duration-ms="0" status="PASS">
          <reporter-output>
          </reporter-output>
        </test-method> <!-- BrowserAUtomation -->
        <test-method signature="elementsUi()[pri:0, instance:qaclickacademy.SeleniumTest@6e2c9341]" started-at="2021-05-08T16:05:41 IST" name="elementsUi" finished-at="2021-05-08T16:05:41 IST" duration-ms="1" status="PASS">
          <reporter-output>
          </reporter-output>
        </test-method> <!-- elementsUi -->
      </class> <!-- qaclickacademy.SeleniumTest -->
    </test> <!-- Command line test -->
  </suite> <!-- Command line suite -->
</testng-results>
