<?xml version="1.0" encoding="UTF-8"?>
<testng-results ignored="0" total="1" passed="1" failed="0" skipped="0">
  <reporter-output>
  </reporter-output>
  <suite started-at="2021-05-08T16:00:52 IST" name="Default suite" finished-at="2021-05-08T16:01:06 IST" duration-ms="14783">
    <groups>
    </groups>
    <test started-at="2021-05-08T16:00:52 IST" name="Default test" finished-at="2021-05-08T16:01:06 IST" duration-ms="14783">
      <class name="acedemy.AppTest">
        <test-method signature="loginTest()[pri:0, instance:acedemy.AppTest@6c130c45]" started-at="2021-05-08T16:00:52 IST" name="loginTest" finished-at="2021-05-08T16:01:06 IST" duration-ms="14709" status="PASS">
          <reporter-output>
          </reporter-output>
        </test-method> <!-- loginTest -->
      </class> <!-- acedemy.AppTest -->
    </test> <!-- Default test -->
  </suite> <!-- Default suite -->
</testng-results>
